# JRE version: OpenJDK Runtime Environment (13.0.2+8) (build 13.0.2+8)
# Java VM: OpenJDK 64-Bit Server VM (13.0.2+8, mixed mode, sharing, tiered, compressed oops, g1 gc, bsd-amd64)
Heap:
 garbage-first heap   total 324608K, used 150749K [0x0000000700000000, 0x0000000800000000)
  region size 1024K, 132 young (135168K), 22 survivors (22528K)
 Metaspace       used 32796K, capacity 35670K, committed 35840K, reserved 1079296K
  class space    used 4259K, capacity 5225K, committed 5376K, reserved 1048576K
GC Heap History (20 events):
Event: 9.823 GC heap before
{Heap before GC invocations=52 (full 0):
 garbage-first heap   total 270336K, used 178429K [0x0000000700000000, 0x0000000800000000)
  region size 1024K, 158 young (161792K), 1 survivors (1024K)
 Metaspace       used 21654K, capacity 22814K, committed 23040K, reserved 1069056K
  class space    used 2601K, capacity 2988K, committed 3072K, reserved 1048576K
}
Event: 9.824 GC heap after
{Heap after GC invocations=53 (full 0):
 garbage-first heap   total 270336K, used 19489K [0x0000000700000000, 0x0000000800000000)
  region size 1024K, 3 young (3072K), 3 survivors (3072K)
 Metaspace       used 21654K, capacity 22814K, committed 23040K, reserved 1069056K
  class space    used 2601K, capacity 2988K, committed 3072K, reserved 1048576K
}
Event: 9.985 GC heap before
{Heap before GC invocations=53 (full 0):
 garbage-first heap   total 270336K, used 178209K [0x0000000700000000, 0x0000000800000000)
  region size 1024K, 158 young (161792K), 3 survivors (3072K)
 Metaspace       used 21726K, capacity 22999K, committed 23296K, reserved 1069056K
  class space    used 2617K, capacity 3027K, committed 3072K, reserved 1048576K
}
Event: 9.986 GC heap after
{Heap after GC invocations=54 (full 0):
 garbage-first heap   total 270336K, used 19534K [0x0000000700000000, 0x0000000800000000)
  region size 1024K, 3 young (3072K), 3 survivors (3072K)
 Metaspace       used 21726K, capacity 22999K, committed 23296K, reserved 1069056K
  class space    used 2617K, capacity 3027K, committed 3072K, reserved 1048576K
}
Event: 10.132 GC heap before
{Heap before GC invocations=54 (full 0):
 garbage-first heap   total 270336K, used 177230K [0x0000000700000000, 0x0000000800000000)
  region size 1024K, 158 young (161792K), 3 survivors (3072K)
 Metaspace       used 21732K, capacity 23009K, committed 23296K, reserved 1069056K
  class space    used 2618K, capacity 3029K, committed 3072K, reserved 1048576K
}
Event: 10.134 GC heap after
{Heap after GC invocations=55 (full 0):
 garbage-first heap   total 324608K, used 19259K [0x0000000700000000, 0x0000000800000000)
  region size 1024K, 3 young (3072K), 3 survivors (3072K)
 Metaspace       used 21732K, capacity 23009K, committed 23296K, reserved 1069056K
  class space    used 2618K, capacity 3029K, committed 3072K, reserved 1048576K
}
Event: 10.329 GC heap before
{Heap before GC invocations=55 (full 0):
 garbage-first heap   total 324608K, used 210747K [0x0000000700000000, 0x0000000800000000)
  region size 1024K, 190 young (194560K), 3 survivors (3072K)
 Metaspace       used 21769K, capacity 23087K, committed 23296K, reserved 1069056K
  class space    used 2625K, capacity 3035K, committed 3072K, reserved 1048576K
}
Event: 10.331 GC heap after
{Heap after GC invocations=56 (full 0):
 garbage-first heap   total 324608K, used 19383K [0x0000000700000000, 0x0000000800000000)
  region size 1024K, 3 young (3072K), 3 survivors (3072K)
 Metaspace       used 21769K, capacity 23087K, committed 23296K, reserved 1069056K
  class space    used 2625K, capacity 3035K, committed 3072K, reserved 1048576K
}
Event: 10.541 GC heap before
{Heap before GC invocations=56 (full 0):
 garbage-first heap   total 324608K, used 210871K [0x0000000700000000, 0x0000000800000000)
  region size 1024K, 190 young (194560K), 3 survivors (3072K)
 Metaspace       used 21820K, capacity 23157K, committed 23296K, reserved 1069056K
  class space    used 2635K, capacity 3037K, committed 3072K, reserved 1048576K
}
Event: 10.543 GC heap after
{Heap after GC invocations=57 (full 0):
 garbage-first heap   total 324608K, used 19422K [0x0000000700000000, 0x0000000800000000)
  region size 1024K, 3 young (3072K), 3 survivors (3072K)
 Metaspace       used 21820K, capacity 23157K, committed 23296K, reserved 1069056K
  class space    used 2635K, capacity 3037K, committed 3072K, reserved 1048576K
}
Event: 10.721 GC heap before
{Heap before GC invocations=57 (full 0):
 garbage-first heap   total 324608K, used 210910K [0x0000000700000000, 0x0000000800000000)
  region size 1024K, 190 young (194560K), 3 survivors (3072K)
 Metaspace       used 21822K, capacity 23163K, committed 23296K, reserved 1069056K
  class space    used 2636K, capacity 3039K, committed 3072K, reserved 1048576K
}
Event: 10.722 GC heap after
{Heap after GC invocations=58 (full 0):
 garbage-first heap   total 324608K, used 18972K [0x0000000700000000, 0x0000000800000000)
  region size 1024K, 2 young (2048K), 2 survivors (2048K)
 Metaspace       used 21822K, capacity 23163K, committed 23296K, reserved 1069056K
  class space    used 2636K, capacity 3039K, committed 3072K, reserved 1048576K
}
Event: 10.894 GC heap before
{Heap before GC invocations=58 (full 0):
 garbage-first heap   total 324608K, used 211484K [0x0000000700000000, 0x0000000800000000)
  region size 1024K, 190 young (194560K), 2 survivors (2048K)
 Metaspace       used 21833K, capacity 23173K, committed 23296K, reserved 1069056K
  class space    used 2637K, capacity 3041K, committed 3072K, reserved 1048576K
}
Event: 10.896 GC heap after
{Heap after GC invocations=59 (full 0):
 garbage-first heap   total 324608K, used 19110K [0x0000000700000000, 0x0000000800000000)
  region size 1024K, 2 young (2048K), 2 survivors (2048K)
 Metaspace       used 21833K, capacity 23173K, committed 23296K, reserved 1069056K
  class space    used 2637K, capacity 3041K, committed 3072K, reserved 1048576K
}
Event: 11.075 GC heap before
{Heap before GC invocations=59 (full 0):
 garbage-first heap   total 324608K, used 211622K [0x0000000700000000, 0x0000000800000000)
  region size 1024K, 190 young (194560K), 2 survivors (2048K)
 Metaspace       used 21838K, capacity 23183K, committed 23296K, reserved 1069056K
  class space    used 2638K, capacity 3043K, committed 3072K, reserved 1048576K
}
Event: 11.076 GC heap after
{Heap after GC invocations=60 (full 0):
 garbage-first heap   total 324608K, used 18625K [0x0000000700000000, 0x0000000800000000)
  region size 1024K, 2 young (2048K), 2 survivors (2048K)
 Metaspace       used 21838K, capacity 23183K, committed 23296K, reserved 1069056K
  class space    used 2638K, capacity 3043K, committed 3072K, reserved 1048576K
}
Event: 22240.697 GC heap before
{Heap before GC invocations=60 (full 0):
 garbage-first heap   total 324608K, used 211137K [0x0000000700000000, 0x0000000800000000)
  region size 1024K, 190 young (194560K), 2 survivors (2048K)
 Metaspace       used 23266K, capacity 24889K, committed 25216K, reserved 1071104K
  class space    used 2834K, capacity 3338K, committed 3456K, reserved 1048576K
}
Event: 22240.705 GC heap after
{Heap after GC invocations=61 (full 0):
 garbage-first heap   total 324608K, used 18710K [0x0000000700000000, 0x0000000800000000)
  region size 1024K, 2 young (2048K), 2 survivors (2048K)
 Metaspace       used 23266K, capacity 24889K, committed 25216K, reserved 1071104K
  class space    used 2834K, capacity 3338K, committed 3456K, reserved 1048576K
}
Event: 33115.483 GC heap before
{Heap before GC invocations=61 (full 0):
 garbage-first heap   total 324608K, used 211222K [0x0000000700000000, 0x0000000800000000)
  region size 1024K, 190 young (194560K), 2 survivors (2048K)
 Metaspace       used 28642K, capacity 30877K, committed 31104K, reserved 1075200K
  class space    used 3618K, capacity 4405K, committed 4480K, reserved 1048576K
}
Event: 33115.535 GC heap after
{Heap after GC invocations=62 (full 0):
 garbage-first heap   total 324608K, used 39133K [0x0000000700000000, 0x0000000800000000)
  region size 1024K, 22 young (22528K), 22 survivors (22528K)
 Metaspace       used 28642K, capacity 30877K, committed 31104K, reserved 1075200K
  class space    used 3618K, capacity 4405K, committed 4480K, reserved 1048576K
}

